<!DOCTYPE html PUBLIC "-//W3C//DTD XHTML 1.1//EN" "https://www.w3.org/TR/xhtml11/DTD/xhtml11.dtd">
<html xmlns="https://www.w3.org/1999/xhtml">
<head>
<meta http-equiv="content-type" content="text/html; charset=UTF-8"/>
<title>TestNG Report</title>
<style type="text/css">table {margin-bottom:10px;border-collapse:collapse;empty-cells:show}th,td {border:1px solid #009;padding:.25em .5em}th {vertical-align:bottom}td {vertical-align:top}table a {font-weight:bold}.stripe td {background-color: #E6EBF9}.num {text-align:right}.passedodd td {background-color: #3F3}.passedeven td {background-color: #0A0}.skippedodd td {background-color: #DDD}.skippedeven td {background-color: #CCC}.failedodd td,.attn {background-color: #F33}.failedeven td,.stripe .attn {background-color: #D00}.stacktrace {white-space:pre;font-family:monospace}.totop {font-size:85%;text-align:center;border-bottom:2px solid #000}.invisible {display:none}</style>
</head>
<body>
<table>
<tr><th>Test</th><th># Passed</th><th># Skipped</th><th># Retried</th><th># Failed</th><th>Time (ms)</th><th>Included Groups</th><th>Excluded Groups</th></tr>
<tr><th colspan="8">DataDriven</th></tr>
<tr><td><a href="#t0">POM</a></td><td class="num">0</td><td class="num attn">1</td><td class="num">0</td><td class="num">0</td><td class="num">4,593</td><td></td><td></td></tr>
<tr class="stripe"><td><a href="#t1">DataDrivenLogin</a></td><td class="num">0</td><td class="num attn">1</td><td class="num">0</td><td class="num">0</td><td class="num">3,713</td><td></td><td></td></tr>
<tr><td><a href="#t2">POMDataDriven</a></td><td class="num">0</td><td class="num attn">1</td><td class="num">0</td><td class="num">0</td><td class="num">3,444</td><td></td><td></td></tr>
<tr><th>Total</th><th class="num">0</th><th class="num attn">3</th><th class="num">0</th><th class="num">0</th><th class="num">11,750</th><th colspan="2"></th></tr>
</table>
<table id='summary'><thead><tr><th>Class</th><th>Method</th><th>Start</th><th>Time (ms)</th></tr></thead><tbody><tr><th colspan="4">DataDriven</th></tr></tbody><tbody id="t0"><tr><th colspan="4">POM &#8212; failed (configuration methods)</th></tr><tr class="failedeven"><td rowspan="1">driverFactory.TestScript</td><td><a href="#m0">setUp</a></td><td rowspan="1">1669995046698</td><td rowspan="1">4533</td></tr><tr><th colspan="4">POM &#8212; skipped (configuration methods)</th></tr><tr class="skippedeven"><td rowspan="1">driverFactory.TestScript</td><td><a href="#m1">tearDown</a></td><td rowspan="1">1669995051281</td><td rowspan="1">-1669995051281</td></tr><tr><th colspan="4">POM &#8212; skipped</th></tr><tr class="skippedeven"><td rowspan="1">driverFactory.TestScript</td><td><a href="#m2">startTest</a></td><td rowspan="1">1669995051267</td><td rowspan="1">0</td></tr></tbody>
<tbody id="t1"><tr><th colspan="4">DataDrivenLogin &#8212; failed (configuration methods)</th></tr><tr class="failedeven"><td rowspan="1">driverFactory.DriverScript</td><td><a href="#m3">setUp</a></td><td rowspan="1">1669995051418</td><td rowspan="1">3697</td></tr><tr><th colspan="4">DataDrivenLogin &#8212; skipped (configuration methods)</th></tr><tr class="skippedeven"><td rowspan="1">driverFactory.DriverScript</td><td><a href="#m4">tearDown</a></td><td rowspan="1">1669995055127</td><td rowspan="1">-1669995055127</td></tr><tr><th colspan="4">DataDrivenLogin &#8212; skipped</th></tr><tr class="skippedeven"><td rowspan="1">driverFactory.DriverScript</td><td><a href="#m5">startTest</a></td><td rowspan="1">1669995055122</td><td rowspan="1">0</td></tr></tbody>
<tbody id="t2"><tr><th colspan="4">POMDataDriven &#8212; failed (configuration methods)</th></tr><tr class="failedeven"><td rowspan="1">driverFactory.DriverScriptPOM</td><td><a href="#m6">setUp</a></td><td rowspan="1">1669995056065</td><td rowspan="1">3414</td></tr><tr><th colspan="4">POMDataDriven &#8212; skipped (configuration methods)</th></tr><tr class="skippedeven"><td rowspan="1">driverFactory.DriverScriptPOM</td><td><a href="#m7">tearDown</a></td><td rowspan="1">1669995059492</td><td rowspan="1">-1669995059492</td></tr><tr><th colspan="4">POMDataDriven &#8212; skipped</th></tr><tr class="skippedeven"><td rowspan="1">driverFactory.DriverScriptPOM</td><td><a href="#m8">startTest</a></td><td rowspan="1">1669995059487</td><td rowspan="1">0</td></tr></tbody>
</table>
<h2>POM</h2><h3 id="m0">driverFactory.TestScript#setUp</h3><table class="result"><tr><th>Exception</th></tr><tr><td><div class="stacktrace">org.openqa.selenium.SessionNotCreatedException: session not created: This version of ChromeDriver only supports Chrome version 106
Current browser version is 108.0.5359.72 with binary path C:\Program Files\Google\Chrome\Application\chrome.exe
Build info: version: &apos;3.14.0&apos;, revision: &apos;aacccce0&apos;, time: &apos;2018-08-02T20:13:22.693Z&apos;
System info: host: &apos;DESKTOP-JMARC6I&apos;, ip: &apos;192.168.202.246&apos;, os.name: &apos;Windows 10&apos;, os.arch: &apos;amd64&apos;, os.version: &apos;10.0&apos;, java.version: &apos;17.0.3&apos;
Driver info: driver.version: ChromeDriver
remote stacktrace: Backtrace:
	Ordinal0 [0x01021ED3+2236115]
	Ordinal0 [0x00FB92F1+1807089]
	Ordinal0 [0x00EC66FD+812797]
	Ordinal0 [0x00EE8C6D+953453]
	Ordinal0 [0x00EE4200+934400]
	Ordinal0 [0x00EE19C9+924105]
	Ordinal0 [0x00F1806C+1146988]
	Ordinal0 [0x00F17A6A+1145450]
	Ordinal0 [0x00F118A6+1120422]
	Ordinal0 [0x00EEA73D+960317]
	Ordinal0 [0x00EEB71F+964383]
	GetHandleVerifier [0x012CE7E2+2743074]
	GetHandleVerifier [0x012C08D4+2685972]
	GetHandleVerifier [0x010B2BAA+532202]
	GetHandleVerifier [0x010B1990+527568]
	Ordinal0 [0x00FC080C+1837068]
	Ordinal0 [0x00FC4CD8+1854680]
	Ordinal0 [0x00FC4DC5+1854917]
	Ordinal0 [0x00FCED64+1895780]
	BaseThreadInitThunk [0x75A2F989+25]
	RtlGetAppContainerNamedObjectPath [0x77B97084+228]
	RtlGetAppContainerNamedObjectPath [0x77B97054+180]

	at org.openqa.selenium.remote.W3CHandshakeResponse.lambda$new$0(W3CHandshakeResponse.java:57)
	at org.openqa.selenium.remote.W3CHandshakeResponse.lambda$getResponseFunction$2(W3CHandshakeResponse.java:104)
	at org.openqa.selenium.remote.ProtocolHandshake.lambda$createSession$0(ProtocolHandshake.java:122)
	at java.base/java.util.stream.ReferencePipeline$3$1.accept(ReferencePipeline.java:197)
	at java.base/java.util.Spliterators$ArraySpliterator.tryAdvance(Spliterators.java:1002)
	at java.base/java.util.stream.ReferencePipeline.forEachWithCancel(ReferencePipeline.java:129)
	at java.base/java.util.stream.AbstractPipeline.copyIntoWithCancel(AbstractPipeline.java:527)
	at java.base/java.util.stream.AbstractPipeline.copyInto(AbstractPipeline.java:513)
	at java.base/java.util.stream.AbstractPipeline.wrapAndCopyInto(AbstractPipeline.java:499)
	at java.base/java.util.stream.FindOps$FindOp.evaluateSequential(FindOps.java:150)
	at java.base/java.util.stream.AbstractPipeline.evaluate(AbstractPipeline.java:234)
	at java.base/java.util.stream.ReferencePipeline.findFirst(ReferencePipeline.java:647)
	at org.openqa.selenium.remote.ProtocolHandshake.createSession(ProtocolHandshake.java:125)
	at org.openqa.selenium.remote.ProtocolHandshake.createSession(ProtocolHandshake.java:73)
	at org.openqa.selenium.remote.HttpCommandExecutor.execute(HttpCommandExecutor.java:136)
	at org.openqa.selenium.remote.service.DriverCommandExecutor.execute(DriverCommandExecutor.java:83)
	at org.openqa.selenium.remote.RemoteWebDriver.execute(RemoteWebDriver.java:548)
	at org.openqa.selenium.remote.RemoteWebDriver.startSession(RemoteWebDriver.java:212)
	at org.openqa.selenium.remote.RemoteWebDriver.&lt;init&gt;(RemoteWebDriver.java:130)
	at org.openqa.selenium.chrome.ChromeDriver.&lt;init&gt;(ChromeDriver.java:181)
	at org.openqa.selenium.chrome.ChromeDriver.&lt;init&gt;(ChromeDriver.java:168)
	at org.openqa.selenium.chrome.ChromeDriver.&lt;init&gt;(ChromeDriver.java:123)
	at driverFactory.TestScript.setUp(TestScript.java:20)
... Removed 29 stack frames</div></td></tr></table><p class="totop"><a href="#summary">back to summary</a></p>
<h3 id="m1">driverFactory.TestScript#tearDown</h3><table class="result"><tr><th class="invisible"/></tr></table><p class="totop"><a href="#summary">back to summary</a></p>
<h3 id="m2">driverFactory.TestScript#startTest</h3><table class="result"><tr><th>Exception</th></tr><tr><td><div class="stacktrace">org.openqa.selenium.SessionNotCreatedException: session not created: This version of ChromeDriver only supports Chrome version 106
Current browser version is 108.0.5359.72 with binary path C:\Program Files\Google\Chrome\Application\chrome.exe
Build info: version: &apos;3.14.0&apos;, revision: &apos;aacccce0&apos;, time: &apos;2018-08-02T20:13:22.693Z&apos;
System info: host: &apos;DESKTOP-JMARC6I&apos;, ip: &apos;192.168.202.246&apos;, os.name: &apos;Windows 10&apos;, os.arch: &apos;amd64&apos;, os.version: &apos;10.0&apos;, java.version: &apos;17.0.3&apos;
Driver info: driver.version: ChromeDriver
remote stacktrace: Backtrace:
	Ordinal0 [0x01021ED3+2236115]
	Ordinal0 [0x00FB92F1+1807089]
	Ordinal0 [0x00EC66FD+812797]
	Ordinal0 [0x00EE8C6D+953453]
	Ordinal0 [0x00EE4200+934400]
	Ordinal0 [0x00EE19C9+924105]
	Ordinal0 [0x00F1806C+1146988]
	Ordinal0 [0x00F17A6A+1145450]
	Ordinal0 [0x00F118A6+1120422]
	Ordinal0 [0x00EEA73D+960317]
	Ordinal0 [0x00EEB71F+964383]
	GetHandleVerifier [0x012CE7E2+2743074]
	GetHandleVerifier [0x012C08D4+2685972]
	GetHandleVerifier [0x010B2BAA+532202]
	GetHandleVerifier [0x010B1990+527568]
	Ordinal0 [0x00FC080C+1837068]
	Ordinal0 [0x00FC4CD8+1854680]
	Ordinal0 [0x00FC4DC5+1854917]
	Ordinal0 [0x00FCED64+1895780]
	BaseThreadInitThunk [0x75A2F989+25]
	RtlGetAppContainerNamedObjectPath [0x77B97084+228]
	RtlGetAppContainerNamedObjectPath [0x77B97054+180]

	at org.openqa.selenium.remote.W3CHandshakeResponse.lambda$new$0(W3CHandshakeResponse.java:57)
	at org.openqa.selenium.remote.W3CHandshakeResponse.lambda$getResponseFunction$2(W3CHandshakeResponse.java:104)
	at org.openqa.selenium.remote.ProtocolHandshake.lambda$createSession$0(ProtocolHandshake.java:122)
	at java.base/java.util.stream.ReferencePipeline$3$1.accept(ReferencePipeline.java:197)
	at java.base/java.util.Spliterators$ArraySpliterator.tryAdvance(Spliterators.java:1002)
	at java.base/java.util.stream.ReferencePipeline.forEachWithCancel(ReferencePipeline.java:129)
	at java.base/java.util.stream.AbstractPipeline.copyIntoWithCancel(AbstractPipeline.java:527)
	at java.base/java.util.stream.AbstractPipeline.copyInto(AbstractPipeline.java:513)
	at java.base/java.util.stream.AbstractPipeline.wrapAndCopyInto(AbstractPipeline.java:499)
	at java.base/java.util.stream.FindOps$FindOp.evaluateSequential(FindOps.java:150)
	at java.base/java.util.stream.AbstractPipeline.evaluate(AbstractPipeline.java:234)
	at java.base/java.util.stream.ReferencePipeline.findFirst(ReferencePipeline.java:647)
	at org.openqa.selenium.remote.ProtocolHandshake.createSession(ProtocolHandshake.java:125)
	at org.openqa.selenium.remote.ProtocolHandshake.createSession(ProtocolHandshake.java:73)
	at org.openqa.selenium.remote.HttpCommandExecutor.execute(HttpCommandExecutor.java:136)
	at org.openqa.selenium.remote.service.DriverCommandExecutor.execute(DriverCommandExecutor.java:83)
	at org.openqa.selenium.remote.RemoteWebDriver.execute(RemoteWebDriver.java:548)
	at org.openqa.selenium.remote.RemoteWebDriver.startSession(RemoteWebDriver.java:212)
	at org.openqa.selenium.remote.RemoteWebDriver.&lt;init&gt;(RemoteWebDriver.java:130)
	at org.openqa.selenium.chrome.ChromeDriver.&lt;init&gt;(ChromeDriver.java:181)
	at org.openqa.selenium.chrome.ChromeDriver.&lt;init&gt;(ChromeDriver.java:168)
	at org.openqa.selenium.chrome.ChromeDriver.&lt;init&gt;(ChromeDriver.java:123)
	at driverFactory.TestScript.setUp(TestScript.java:20)
... Removed 29 stack frames</div></td></tr></table><p class="totop"><a href="#summary">back to summary</a></p>
<h2>DataDrivenLogin</h2><h3 id="m3">driverFactory.DriverScript#setUp</h3><table class="result"><tr><th>Exception</th></tr><tr><td><div class="stacktrace">org.openqa.selenium.SessionNotCreatedException: session not created: This version of ChromeDriver only supports Chrome version 106
Current browser version is 108.0.5359.72 with binary path C:\Program Files\Google\Chrome\Application\chrome.exe
Build info: version: &apos;3.14.0&apos;, revision: &apos;aacccce0&apos;, time: &apos;2018-08-02T20:13:22.693Z&apos;
System info: host: &apos;DESKTOP-JMARC6I&apos;, ip: &apos;192.168.202.246&apos;, os.name: &apos;Windows 10&apos;, os.arch: &apos;amd64&apos;, os.version: &apos;10.0&apos;, java.version: &apos;17.0.3&apos;
Driver info: driver.version: ChromeDriver
remote stacktrace: Backtrace:
	Ordinal0 [0x01021ED3+2236115]
	Ordinal0 [0x00FB92F1+1807089]
	Ordinal0 [0x00EC66FD+812797]
	Ordinal0 [0x00EE8C6D+953453]
	Ordinal0 [0x00EE4200+934400]
	Ordinal0 [0x00EE19C9+924105]
	Ordinal0 [0x00F1806C+1146988]
	Ordinal0 [0x00F17A6A+1145450]
	Ordinal0 [0x00F118A6+1120422]
	Ordinal0 [0x00EEA73D+960317]
	Ordinal0 [0x00EEB71F+964383]
	GetHandleVerifier [0x012CE7E2+2743074]
	GetHandleVerifier [0x012C08D4+2685972]
	GetHandleVerifier [0x010B2BAA+532202]
	GetHandleVerifier [0x010B1990+527568]
	Ordinal0 [0x00FC080C+1837068]
	Ordinal0 [0x00FC4CD8+1854680]
	Ordinal0 [0x00FC4DC5+1854917]
	Ordinal0 [0x00FCED64+1895780]
	BaseThreadInitThunk [0x75A2F989+25]
	RtlGetAppContainerNamedObjectPath [0x77B97084+228]
	RtlGetAppContainerNamedObjectPath [0x77B97054+180]

	at org.openqa.selenium.remote.W3CHandshakeResponse.lambda$new$0(W3CHandshakeResponse.java:57)
	at org.openqa.selenium.remote.W3CHandshakeResponse.lambda$getResponseFunction$2(W3CHandshakeResponse.java:104)
	at org.openqa.selenium.remote.ProtocolHandshake.lambda$createSession$0(ProtocolHandshake.java:122)
	at java.base/java.util.stream.ReferencePipeline$3$1.accept(ReferencePipeline.java:197)
	at java.base/java.util.Spliterators$ArraySpliterator.tryAdvance(Spliterators.java:1002)
	at java.base/java.util.stream.ReferencePipeline.forEachWithCancel(ReferencePipeline.java:129)
	at java.base/java.util.stream.AbstractPipeline.copyIntoWithCancel(AbstractPipeline.java:527)
	at java.base/java.util.stream.AbstractPipeline.copyInto(AbstractPipeline.java:513)
	at java.base/java.util.stream.AbstractPipeline.wrapAndCopyInto(AbstractPipeline.java:499)
	at java.base/java.util.stream.FindOps$FindOp.evaluateSequential(FindOps.java:150)
	at java.base/java.util.stream.AbstractPipeline.evaluate(AbstractPipeline.java:234)
	at java.base/java.util.stream.ReferencePipeline.findFirst(ReferencePipeline.java:647)
	at org.openqa.selenium.remote.ProtocolHandshake.createSession(ProtocolHandshake.java:125)
	at org.openqa.selenium.remote.ProtocolHandshake.createSession(ProtocolHandshake.java:73)
	at org.openqa.selenium.remote.HttpCommandExecutor.execute(HttpCommandExecutor.java:136)
	at org.openqa.selenium.remote.service.DriverCommandExecutor.execute(DriverCommandExecutor.java:83)
	at org.openqa.selenium.remote.RemoteWebDriver.execute(RemoteWebDriver.java:548)
	at org.openqa.selenium.remote.RemoteWebDriver.startSession(RemoteWebDriver.java:212)
	at org.openqa.selenium.remote.RemoteWebDriver.&lt;init&gt;(RemoteWebDriver.java:130)
	at org.openqa.selenium.chrome.ChromeDriver.&lt;init&gt;(ChromeDriver.java:181)
	at org.openqa.selenium.chrome.ChromeDriver.&lt;init&gt;(ChromeDriver.java:168)
	at org.openqa.selenium.chrome.ChromeDriver.&lt;init&gt;(ChromeDriver.java:123)
	at config.AppUtil.setUp(AppUtil.java:12)
... Removed 29 stack frames</div></td></tr></table><p class="totop"><a href="#summary">back to summary</a></p>
<h3 id="m4">driverFactory.DriverScript#tearDown</h3><table class="result"><tr><th class="invisible"/></tr></table><p class="totop"><a href="#summary">back to summary</a></p>
<h3 id="m5">driverFactory.DriverScript#startTest</h3><table class="result"><tr><th>Exception</th></tr><tr><td><div class="stacktrace">org.openqa.selenium.SessionNotCreatedException: session not created: This version of ChromeDriver only supports Chrome version 106
Current browser version is 108.0.5359.72 with binary path C:\Program Files\Google\Chrome\Application\chrome.exe
Build info: version: &apos;3.14.0&apos;, revision: &apos;aacccce0&apos;, time: &apos;2018-08-02T20:13:22.693Z&apos;
System info: host: &apos;DESKTOP-JMARC6I&apos;, ip: &apos;192.168.202.246&apos;, os.name: &apos;Windows 10&apos;, os.arch: &apos;amd64&apos;, os.version: &apos;10.0&apos;, java.version: &apos;17.0.3&apos;
Driver info: driver.version: ChromeDriver
remote stacktrace: Backtrace:
	Ordinal0 [0x01021ED3+2236115]
	Ordinal0 [0x00FB92F1+1807089]
	Ordinal0 [0x00EC66FD+812797]
	Ordinal0 [0x00EE8C6D+953453]
	Ordinal0 [0x00EE4200+934400]
	Ordinal0 [0x00EE19C9+924105]
	Ordinal0 [0x00F1806C+1146988]
	Ordinal0 [0x00F17A6A+1145450]
	Ordinal0 [0x00F118A6+1120422]
	Ordinal0 [0x00EEA73D+960317]
	Ordinal0 [0x00EEB71F+964383]
	GetHandleVerifier [0x012CE7E2+2743074]
	GetHandleVerifier [0x012C08D4+2685972]
	GetHandleVerifier [0x010B2BAA+532202]
	GetHandleVerifier [0x010B1990+527568]
	Ordinal0 [0x00FC080C+1837068]
	Ordinal0 [0x00FC4CD8+1854680]
	Ordinal0 [0x00FC4DC5+1854917]
	Ordinal0 [0x00FCED64+1895780]
	BaseThreadInitThunk [0x75A2F989+25]
	RtlGetAppContainerNamedObjectPath [0x77B97084+228]
	RtlGetAppContainerNamedObjectPath [0x77B97054+180]

	at org.openqa.selenium.remote.W3CHandshakeResponse.lambda$new$0(W3CHandshakeResponse.java:57)
	at org.openqa.selenium.remote.W3CHandshakeResponse.lambda$getResponseFunction$2(W3CHandshakeResponse.java:104)
	at org.openqa.selenium.remote.ProtocolHandshake.lambda$createSession$0(ProtocolHandshake.java:122)
	at java.base/java.util.stream.ReferencePipeline$3$1.accept(ReferencePipeline.java:197)
	at java.base/java.util.Spliterators$ArraySpliterator.tryAdvance(Spliterators.java:1002)
	at java.base/java.util.stream.ReferencePipeline.forEachWithCancel(ReferencePipeline.java:129)
	at java.base/java.util.stream.AbstractPipeline.copyIntoWithCancel(AbstractPipeline.java:527)
	at java.base/java.util.stream.AbstractPipeline.copyInto(AbstractPipeline.java:513)
	at java.base/java.util.stream.AbstractPipeline.wrapAndCopyInto(AbstractPipeline.java:499)
	at java.base/java.util.stream.FindOps$FindOp.evaluateSequential(FindOps.java:150)
	at java.base/java.util.stream.AbstractPipeline.evaluate(AbstractPipeline.java:234)
	at java.base/java.util.stream.ReferencePipeline.findFirst(ReferencePipeline.java:647)
	at org.openqa.selenium.remote.ProtocolHandshake.createSession(ProtocolHandshake.java:125)
	at org.openqa.selenium.remote.ProtocolHandshake.createSession(ProtocolHandshake.java:73)
	at org.openqa.selenium.remote.HttpCommandExecutor.execute(HttpCommandExecutor.java:136)
	at org.openqa.selenium.remote.service.DriverCommandExecutor.execute(DriverCommandExecutor.java:83)
	at org.openqa.selenium.remote.RemoteWebDriver.execute(RemoteWebDriver.java:548)
	at org.openqa.selenium.remote.RemoteWebDriver.startSession(RemoteWebDriver.java:212)
	at org.openqa.selenium.remote.RemoteWebDriver.&lt;init&gt;(RemoteWebDriver.java:130)
	at org.openqa.selenium.chrome.ChromeDriver.&lt;init&gt;(ChromeDriver.java:181)
	at org.openqa.selenium.chrome.ChromeDriver.&lt;init&gt;(ChromeDriver.java:168)
	at org.openqa.selenium.chrome.ChromeDriver.&lt;init&gt;(ChromeDriver.java:123)
	at config.AppUtil.setUp(AppUtil.java:12)
... Removed 29 stack frames</div></td></tr></table><p class="totop"><a href="#summary">back to summary</a></p>
<h2>POMDataDriven</h2><h3 id="m6">driverFactory.DriverScriptPOM#setUp</h3><table class="result"><tr><th>Exception</th></tr><tr><td><div class="stacktrace">org.openqa.selenium.SessionNotCreatedException: session not created: This version of ChromeDriver only supports Chrome version 106
Current browser version is 108.0.5359.72 with binary path C:\Program Files\Google\Chrome\Application\chrome.exe
Build info: version: &apos;3.14.0&apos;, revision: &apos;aacccce0&apos;, time: &apos;2018-08-02T20:13:22.693Z&apos;
System info: host: &apos;DESKTOP-JMARC6I&apos;, ip: &apos;192.168.202.246&apos;, os.name: &apos;Windows 10&apos;, os.arch: &apos;amd64&apos;, os.version: &apos;10.0&apos;, java.version: &apos;17.0.3&apos;
Driver info: driver.version: ChromeDriver
remote stacktrace: Backtrace:
	Ordinal0 [0x01021ED3+2236115]
	Ordinal0 [0x00FB92F1+1807089]
	Ordinal0 [0x00EC66FD+812797]
	Ordinal0 [0x00EE8C6D+953453]
	Ordinal0 [0x00EE4200+934400]
	Ordinal0 [0x00EE19C9+924105]
	Ordinal0 [0x00F1806C+1146988]
	Ordinal0 [0x00F17A6A+1145450]
	Ordinal0 [0x00F118A6+1120422]
	Ordinal0 [0x00EEA73D+960317]
	Ordinal0 [0x00EEB71F+964383]
	GetHandleVerifier [0x012CE7E2+2743074]
	GetHandleVerifier [0x012C08D4+2685972]
	GetHandleVerifier [0x010B2BAA+532202]
	GetHandleVerifier [0x010B1990+527568]
	Ordinal0 [0x00FC080C+1837068]
	Ordinal0 [0x00FC4CD8+1854680]
	Ordinal0 [0x00FC4DC5+1854917]
	Ordinal0 [0x00FCED64+1895780]
	BaseThreadInitThunk [0x75A2F989+25]
	RtlGetAppContainerNamedObjectPath [0x77B97084+228]
	RtlGetAppContainerNamedObjectPath [0x77B97054+180]

	at org.openqa.selenium.remote.W3CHandshakeResponse.lambda$new$0(W3CHandshakeResponse.java:57)
	at org.openqa.selenium.remote.W3CHandshakeResponse.lambda$getResponseFunction$2(W3CHandshakeResponse.java:104)
	at org.openqa.selenium.remote.ProtocolHandshake.lambda$createSession$0(ProtocolHandshake.java:122)
	at java.base/java.util.stream.ReferencePipeline$3$1.accept(ReferencePipeline.java:197)
	at java.base/java.util.Spliterators$ArraySpliterator.tryAdvance(Spliterators.java:1002)
	at java.base/java.util.stream.ReferencePipeline.forEachWithCancel(ReferencePipeline.java:129)
	at java.base/java.util.stream.AbstractPipeline.copyIntoWithCancel(AbstractPipeline.java:527)
	at java.base/java.util.stream.AbstractPipeline.copyInto(AbstractPipeline.java:513)
	at java.base/java.util.stream.AbstractPipeline.wrapAndCopyInto(AbstractPipeline.java:499)
	at java.base/java.util.stream.FindOps$FindOp.evaluateSequential(FindOps.java:150)
	at java.base/java.util.stream.AbstractPipeline.evaluate(AbstractPipeline.java:234)
	at java.base/java.util.stream.ReferencePipeline.findFirst(ReferencePipeline.java:647)
	at org.openqa.selenium.remote.ProtocolHandshake.createSession(ProtocolHandshake.java:125)
	at org.openqa.selenium.remote.ProtocolHandshake.createSession(ProtocolHandshake.java:73)
	at org.openqa.selenium.remote.HttpCommandExecutor.execute(HttpCommandExecutor.java:136)
	at org.openqa.selenium.remote.service.DriverCommandExecutor.execute(DriverCommandExecutor.java:83)
	at org.openqa.selenium.remote.RemoteWebDriver.execute(RemoteWebDriver.java:548)
	at org.openqa.selenium.remote.RemoteWebDriver.startSession(RemoteWebDriver.java:212)
	at org.openqa.selenium.remote.RemoteWebDriver.&lt;init&gt;(RemoteWebDriver.java:130)
	at org.openqa.selenium.chrome.ChromeDriver.&lt;init&gt;(ChromeDriver.java:181)
	at org.openqa.selenium.chrome.ChromeDriver.&lt;init&gt;(ChromeDriver.java:168)
	at org.openqa.selenium.chrome.ChromeDriver.&lt;init&gt;(ChromeDriver.java:123)
	at driverFactory.DriverScriptPOM.setUp(DriverScriptPOM.java:24)
... Removed 29 stack frames</div></td></tr></table><p class="totop"><a href="#summary">back to summary</a></p>
<h3 id="m7">driverFactory.DriverScriptPOM#tearDown</h3><table class="result"><tr><th class="invisible"/></tr></table><p class="totop"><a href="#summary">back to summary</a></p>
<h3 id="m8">driverFactory.DriverScriptPOM#startTest</h3><table class="result"><tr><th>Exception</th></tr><tr><td><div class="stacktrace">org.openqa.selenium.SessionNotCreatedException: session not created: This version of ChromeDriver only supports Chrome version 106
Current browser version is 108.0.5359.72 with binary path C:\Program Files\Google\Chrome\Application\chrome.exe
Build info: version: &apos;3.14.0&apos;, revision: &apos;aacccce0&apos;, time: &apos;2018-08-02T20:13:22.693Z&apos;
System info: host: &apos;DESKTOP-JMARC6I&apos;, ip: &apos;192.168.202.246&apos;, os.name: &apos;Windows 10&apos;, os.arch: &apos;amd64&apos;, os.version: &apos;10.0&apos;, java.version: &apos;17.0.3&apos;
Driver info: driver.version: ChromeDriver
remote stacktrace: Backtrace:
	Ordinal0 [0x01021ED3+2236115]
	Ordinal0 [0x00FB92F1+1807089]
	Ordinal0 [0x00EC66FD+812797]
	Ordinal0 [0x00EE8C6D+953453]
	Ordinal0 [0x00EE4200+934400]
	Ordinal0 [0x00EE19C9+924105]
	Ordinal0 [0x00F1806C+1146988]
	Ordinal0 [0x00F17A6A+1145450]
	Ordinal0 [0x00F118A6+1120422]
	Ordinal0 [0x00EEA73D+960317]
	Ordinal0 [0x00EEB71F+964383]
	GetHandleVerifier [0x012CE7E2+2743074]
	GetHandleVerifier [0x012C08D4+2685972]
	GetHandleVerifier [0x010B2BAA+532202]
	GetHandleVerifier [0x010B1990+527568]
	Ordinal0 [0x00FC080C+1837068]
	Ordinal0 [0x00FC4CD8+1854680]
	Ordinal0 [0x00FC4DC5+1854917]
	Ordinal0 [0x00FCED64+1895780]
	BaseThreadInitThunk [0x75A2F989+25]
	RtlGetAppContainerNamedObjectPath [0x77B97084+228]
	RtlGetAppContainerNamedObjectPath [0x77B97054+180]

	at org.openqa.selenium.remote.W3CHandshakeResponse.lambda$new$0(W3CHandshakeResponse.java:57)
	at org.openqa.selenium.remote.W3CHandshakeResponse.lambda$getResponseFunction$2(W3CHandshakeResponse.java:104)
	at org.openqa.selenium.remote.ProtocolHandshake.lambda$createSession$0(ProtocolHandshake.java:122)
	at java.base/java.util.stream.ReferencePipeline$3$1.accept(ReferencePipeline.java:197)
	at java.base/java.util.Spliterators$ArraySpliterator.tryAdvance(Spliterators.java:1002)
	at java.base/java.util.stream.ReferencePipeline.forEachWithCancel(ReferencePipeline.java:129)
	at java.base/java.util.stream.AbstractPipeline.copyIntoWithCancel(AbstractPipeline.java:527)
	at java.base/java.util.stream.AbstractPipeline.copyInto(AbstractPipeline.java:513)
	at java.base/java.util.stream.AbstractPipeline.wrapAndCopyInto(AbstractPipeline.java:499)
	at java.base/java.util.stream.FindOps$FindOp.evaluateSequential(FindOps.java:150)
	at java.base/java.util.stream.AbstractPipeline.evaluate(AbstractPipeline.java:234)
	at java.base/java.util.stream.ReferencePipeline.findFirst(ReferencePipeline.java:647)
	at org.openqa.selenium.remote.ProtocolHandshake.createSession(ProtocolHandshake.java:125)
	at org.openqa.selenium.remote.ProtocolHandshake.createSession(ProtocolHandshake.java:73)
	at org.openqa.selenium.remote.HttpCommandExecutor.execute(HttpCommandExecutor.java:136)
	at org.openqa.selenium.remote.service.DriverCommandExecutor.execute(DriverCommandExecutor.java:83)
	at org.openqa.selenium.remote.RemoteWebDriver.execute(RemoteWebDriver.java:548)
	at org.openqa.selenium.remote.RemoteWebDriver.startSession(RemoteWebDriver.java:212)
	at org.openqa.selenium.remote.RemoteWebDriver.&lt;init&gt;(RemoteWebDriver.java:130)
	at org.openqa.selenium.chrome.ChromeDriver.&lt;init&gt;(ChromeDriver.java:181)
	at org.openqa.selenium.chrome.ChromeDriver.&lt;init&gt;(ChromeDriver.java:168)
	at org.openqa.selenium.chrome.ChromeDriver.&lt;init&gt;(ChromeDriver.java:123)
	at driverFactory.DriverScriptPOM.setUp(DriverScriptPOM.java:24)
... Removed 29 stack frames</div></td></tr></table><p class="totop"><a href="#summary">back to summary</a></p>
</body>
</html>
