<?xml version="1.0" encoding="UTF-8"?>
<!-- Generated by org.testng.reporters.JUnitXMLReporter -->
<testsuite ignored="0" hostname="DESKTOP-JMARC6I" failures="0" tests="1" name="POMDataDriven" time="3.444" errors="0" timestamp="2022-12-02T21:00:59 IST">
  <testcase classname="driverFactory.DriverScriptPOM" name="@BeforeTest setUp" time="3.414">
    <failure type="org.openqa.selenium.SessionNotCreatedException" message="session not created: This version of ChromeDriver only supports Chrome version 106
Current browser version is 108.0.5359.72 with binary path C:\Program Files\Google\Chrome\Application\chrome.exe
Build info: version: &amp;apos;3.14.0&amp;apos;, revision: &amp;apos;aacccce0&amp;apos;, time: &amp;apos;2018-08-02T20:13:22.693Z&amp;apos;
System info: host: &amp;apos;DESKTOP-JMARC6I&amp;apos;, ip: &amp;apos;192.168.202.246&amp;apos;, os.name: &amp;apos;Windows 10&amp;apos;, os.arch: &amp;apos;amd64&amp;apos;, os.version: &amp;apos;10.0&amp;apos;, java.version: &amp;apos;17.0.3&amp;apos;
Driver info: driver.version: ChromeDriver
remote stacktrace: Backtrace:
	Ordinal0 [0x01021ED3+2236115]
	Ordinal0 [0x00FB92F1+1807089]
	Ordinal0 [0x00EC66FD+812797]
	Ordinal0 [0x00EE8C6D+953453]
	Ordinal0 [0x00EE4200+934400]
	Ordinal0 [0x00EE19C9+924105]
	Ordinal0 [0x00F1806C+1146988]
	Ordinal0 [0x00F17A6A+1145450]
	Ordinal0 [0x00F118A6+1120422]
	Ordinal0 [0x00EEA73D+960317]
	Ordinal0 [0x00EEB71F+964383]
	GetHandleVerifier [0x012CE7E2+2743074]
	GetHandleVerifier [0x012C08D4+2685972]
	GetHandleVerifier [0x010B2BAA+532202]
	GetHandleVerifier [0x010B1990+527568]
	Ordinal0 [0x00FC080C+1837068]
	Ordinal0 [0x00FC4CD8+1854680]
	Ordinal0 [0x00FC4DC5+1854917]
	Ordinal0 [0x00FCED64+1895780]
	BaseThreadInitThunk [0x75A2F989+25]
	RtlGetAppContainerNamedObjectPath [0x77B97084+228]
	RtlGetAppContainerNamedObjectPath [0x77B97054+180]
">
      <![CDATA[org.openqa.selenium.SessionNotCreatedException: session not created: This version of ChromeDriver only supports Chrome version 106
Current browser version is 108.0.5359.72 with binary path C:\Program Files\Google\Chrome\Application\chrome.exe
Build info: version: '3.14.0', revision: 'aacccce0', time: '2018-08-02T20:13:22.693Z'
System info: host: 'DESKTOP-JMARC6I', ip: '192.168.202.246', os.name: 'Windows 10', os.arch: 'amd64', os.version: '10.0', java.version: '17.0.3'
Driver info: driver.version: ChromeDriver
remote stacktrace: Backtrace:
Ordinal0 [0x01021ED3+2236115]
Ordinal0 [0x00FB92F1+1807089]
Ordinal0 [0x00EC66FD+812797]
Ordinal0 [0x00EE8C6D+953453]
Ordinal0 [0x00EE4200+934400]
Ordinal0 [0x00EE19C9+924105]
Ordinal0 [0x00F1806C+1146988]
Ordinal0 [0x00F17A6A+1145450]
Ordinal0 [0x00F118A6+1120422]
Ordinal0 [0x00EEA73D+960317]
Ordinal0 [0x00EEB71F+964383]
GetHandleVerifier [0x012CE7E2+2743074]
GetHandleVerifier [0x012C08D4+2685972]
GetHandleVerifier [0x010B2BAA+532202]
GetHandleVerifier [0x010B1990+527568]
Ordinal0 [0x00FC080C+1837068]
Ordinal0 [0x00FC4CD8+1854680]
Ordinal0 [0x00FC4DC5+1854917]
Ordinal0 [0x00FCED64+1895780]
BaseThreadInitThunk [0x75A2F989+25]
RtlGetAppContainerNamedObjectPath [0x77B97084+228]
RtlGetAppContainerNamedObjectPath [0x77B97054+180]

at org.openqa.selenium.remote.W3CHandshakeResponse.lambda$new$0(W3CHandshakeResponse.java:57)
at org.openqa.selenium.remote.W3CHandshakeResponse.lambda$getResponseFunction$2(W3CHandshakeResponse.java:104)
at org.openqa.selenium.remote.ProtocolHandshake.lambda$createSession$0(ProtocolHandshake.java:122)
at java.base/java.util.stream.ReferencePipeline$3$1.accept(ReferencePipeline.java:197)
at java.base/java.util.Spliterators$ArraySpliterator.tryAdvance(Spliterators.java:1002)
at java.base/java.util.stream.ReferencePipeline.forEachWithCancel(ReferencePipeline.java:129)
at java.base/java.util.stream.AbstractPipeline.copyIntoWithCancel(AbstractPipeline.java:527)
at java.base/java.util.stream.AbstractPipeline.copyInto(AbstractPipeline.java:513)
at java.base/java.util.stream.AbstractPipeline.wrapAndCopyInto(AbstractPipeline.java:499)
at java.base/java.util.stream.FindOps$FindOp.evaluateSequential(FindOps.java:150)
at java.base/java.util.stream.AbstractPipeline.evaluate(AbstractPipeline.java:234)
at java.base/java.util.stream.ReferencePipeline.findFirst(ReferencePipeline.java:647)
at org.openqa.selenium.remote.ProtocolHandshake.createSession(ProtocolHandshake.java:125)
at org.openqa.selenium.remote.ProtocolHandshake.createSession(ProtocolHandshake.java:73)
at org.openqa.selenium.remote.HttpCommandExecutor.execute(HttpCommandExecutor.java:136)
at org.openqa.selenium.remote.service.DriverCommandExecutor.execute(DriverCommandExecutor.java:83)
at org.openqa.selenium.remote.RemoteWebDriver.execute(RemoteWebDriver.java:548)
at org.openqa.selenium.remote.RemoteWebDriver.startSession(RemoteWebDriver.java:212)
at org.openqa.selenium.remote.RemoteWebDriver.<init>(RemoteWebDriver.java:130)
at org.openqa.selenium.chrome.ChromeDriver.<init>(ChromeDriver.java:181)
at org.openqa.selenium.chrome.ChromeDriver.<init>(ChromeDriver.java:168)
at org.openqa.selenium.chrome.ChromeDriver.<init>(ChromeDriver.java:123)
at driverFactory.DriverScriptPOM.setUp(DriverScriptPOM.java:24)
... Removed 29 stack frames]]>
    </failure>
  </testcase> <!-- @BeforeTest setUp -->
  <testcase classname="driverFactory.DriverScriptPOM" name="@AfterTest tearDown" time="-1.669995059492E9">
    <skipped/>
  </testcase> <!-- @AfterTest tearDown -->
  <testcase classname="driverFactory.DriverScriptPOM" name="startTest" time="0.0">
    <skipped/>
  </testcase> <!-- startTest -->
</testsuite> <!-- POMDataDriven -->
